# JRE version: OpenJDK Runtime Environment (21.0.7) (build 21.0.7+-13880790-b1038.58)
# Java VM: OpenJDK 64-Bit Server VM (21.0.7+-13880790-b1038.58, mixed mode, tiered, compressed oops, compressed class ptrs, g1 gc, windows-amd64)
GC Precious Log:
 CardTable entry size: 512
 Card Set container configuration: InlinePtr #cards 5 size 8 Array Of Cards #cards 12 size 40 Howl #buckets 4 coarsen threshold 1843 Howl Bitmap #cards 512 size 80 coarsen threshold 460 Card regions per heap region 1 cards per card region 2048
 CPUs: 4 total, 4 available
 Memory: 3976M
 Large Page Support: Disabled
 NUMA Support: Disabled
 Compressed Oops: Enabled (32-bit)
 Heap Region Size: 1M
 Heap Min Capacity: 8M
 Heap Initial Capacity: 64M
 Heap Max Capacity: 996M
 Pre-touch: Disabled
 Parallel Workers: 4
 Concurrent Workers: 1
 Concurrent Refinement Workers: 4
 Periodic GC: Disabled
Heap:
 garbage-first heap   total 73728K, used 51172K [0x00000000c1c00000, 0x0000000100000000)
  region size 1024K, 3 young (3072K), 3 survivors (3072K)
 Metaspace       used 57251K, committed 57536K, reserved 1114112K
  class space    used 6568K, committed 6656K, reserved 1048576K
GC Heap History (20 events):
Event: 7.865 GC heap after
{Heap after GC invocations=11 (full 0):
 garbage-first heap   total 43008K, used 17704K [0x00000000c1c00000, 0x0000000100000000)
  region size 1024K, 2 young (2048K), 2 survivors (2048K)
 Metaspace       used 45870K, committed 46080K, reserved 1114112K
  class space    used 5406K, committed 5504K, reserved 1048576K
}
Event: 8.676 GC heap before
{Heap before GC invocations=11 (full 0):
 garbage-first heap   total 43008K, used 36136K [0x00000000c1c00000, 0x0000000100000000)
  region size 1024K, 21 young (21504K), 2 survivors (2048K)
 Metaspace       used 47581K, committed 47872K, reserved 1114112K
  class space    used 5561K, committed 5696K, reserved 1048576K
}
Event: 8.707 GC heap after
{Heap after GC invocations=12 (full 0):
 garbage-first heap   total 45056K, used 23136K [0x00000000c1c00000, 0x0000000100000000)
  region size 1024K, 3 young (3072K), 3 survivors (3072K)
 Metaspace       used 47581K, committed 47872K, reserved 1114112K
  class space    used 5561K, committed 5696K, reserved 1048576K
}
Event: 9.261 GC heap before
{Heap before GC invocations=12 (full 0):
 garbage-first heap   total 45056K, used 36448K [0x00000000c1c00000, 0x0000000100000000)
  region size 1024K, 16 young (16384K), 3 survivors (3072K)
 Metaspace       used 49556K, committed 49792K, reserved 1114112K
  class space    used 5793K, committed 5888K, reserved 1048576K
}
Event: 9.287 GC heap after
{Heap after GC invocations=13 (full 0):
 garbage-first heap   total 45056K, used 25543K [0x00000000c1c00000, 0x0000000100000000)
  region size 1024K, 2 young (2048K), 2 survivors (2048K)
 Metaspace       used 49556K, committed 49792K, reserved 1114112K
  class space    used 5793K, committed 5888K, reserved 1048576K
}
Event: 9.655 GC heap before
{Heap before GC invocations=14 (full 0):
 garbage-first heap   total 45056K, used 37831K [0x00000000c1c00000, 0x0000000100000000)
  region size 1024K, 14 young (14336K), 2 survivors (2048K)
 Metaspace       used 51346K, committed 51648K, reserved 1114112K
  class space    used 5996K, committed 6144K, reserved 1048576K
}
Event: 9.672 GC heap after
{Heap after GC invocations=15 (full 0):
 garbage-first heap   total 45056K, used 28993K [0x00000000c1c00000, 0x0000000100000000)
  region size 1024K, 2 young (2048K), 2 survivors (2048K)
 Metaspace       used 51346K, committed 51648K, reserved 1114112K
  class space    used 5996K, committed 6144K, reserved 1048576K
}
Event: 9.745 GC heap before
{Heap before GC invocations=15 (full 0):
 garbage-first heap   total 45056K, used 38209K [0x00000000c1c00000, 0x0000000100000000)
  region size 1024K, 11 young (11264K), 2 survivors (2048K)
 Metaspace       used 51393K, committed 51712K, reserved 1114112K
  class space    used 5996K, committed 6144K, reserved 1048576K
}
Event: 9.770 GC heap after
{Heap after GC invocations=16 (full 0):
 garbage-first heap   total 60416K, used 32479K [0x00000000c1c00000, 0x0000000100000000)
  region size 1024K, 2 young (2048K), 2 survivors (2048K)
 Metaspace       used 51393K, committed 51712K, reserved 1114112K
  class space    used 5996K, committed 6144K, reserved 1048576K
}
Event: 10.354 GC heap before
{Heap before GC invocations=16 (full 0):
 garbage-first heap   total 60416K, used 49887K [0x00000000c1c00000, 0x0000000100000000)
  region size 1024K, 19 young (19456K), 2 survivors (2048K)
 Metaspace       used 52075K, committed 52352K, reserved 1114112K
  class space    used 6061K, committed 6208K, reserved 1048576K
}
Event: 10.378 GC heap after
{Heap after GC invocations=17 (full 0):
 garbage-first heap   total 60416K, used 38189K [0x00000000c1c00000, 0x0000000100000000)
  region size 1024K, 3 young (3072K), 3 survivors (3072K)
 Metaspace       used 52075K, committed 52352K, reserved 1114112K
  class space    used 6061K, committed 6208K, reserved 1048576K
}
Event: 10.885 GC heap before
{Heap before GC invocations=18 (full 0):
 garbage-first heap   total 65536K, used 50477K [0x00000000c1c00000, 0x0000000100000000)
  region size 1024K, 15 young (15360K), 3 survivors (3072K)
 Metaspace       used 52707K, committed 52992K, reserved 1114112K
  class space    used 6131K, committed 6272K, reserved 1048576K
}
Event: 10.906 GC heap after
{Heap after GC invocations=19 (full 0):
 garbage-first heap   total 65536K, used 40960K [0x00000000c1c00000, 0x0000000100000000)
  region size 1024K, 2 young (2048K), 2 survivors (2048K)
 Metaspace       used 52707K, committed 52992K, reserved 1114112K
  class space    used 6131K, committed 6272K, reserved 1048576K
}
Event: 11.636 GC heap before
{Heap before GC invocations=19 (full 0):
 garbage-first heap   total 65536K, used 55296K [0x00000000c1c00000, 0x0000000100000000)
  region size 1024K, 16 young (16384K), 2 survivors (2048K)
 Metaspace       used 53579K, committed 53824K, reserved 1114112K
  class space    used 6237K, committed 6336K, reserved 1048576K
}
Event: 11.655 GC heap after
{Heap after GC invocations=20 (full 0):
 garbage-first heap   total 65536K, used 42698K [0x00000000c1c00000, 0x0000000100000000)
  region size 1024K, 2 young (2048K), 2 survivors (2048K)
 Metaspace       used 53579K, committed 53824K, reserved 1114112K
  class space    used 6237K, committed 6336K, reserved 1048576K
}
Event: 12.459 GC heap before
{Heap before GC invocations=20 (full 0):
 garbage-first heap   total 65536K, used 54986K [0x00000000c1c00000, 0x0000000100000000)
  region size 1024K, 15 young (15360K), 2 survivors (2048K)
 Metaspace       used 56714K, committed 57024K, reserved 1114112K
  class space    used 6554K, committed 6656K, reserved 1048576K
}
Event: 12.477 GC heap after
{Heap after GC invocations=21 (full 0):
 garbage-first heap   total 65536K, used 44289K [0x00000000c1c00000, 0x0000000100000000)
  region size 1024K, 2 young (2048K), 2 survivors (2048K)
 Metaspace       used 56714K, committed 57024K, reserved 1114112K
  class space    used 6554K, committed 6656K, reserved 1048576K
}
Event: 12.994 GC heap before
{Heap before GC invocations=22 (full 0):
 garbage-first heap   total 73728K, used 55553K [0x00000000c1c00000, 0x0000000100000000)
  region size 1024K, 14 young (14336K), 2 survivors (2048K)
 Metaspace       used 57004K, committed 57280K, reserved 1114112K
  class space    used 6567K, committed 6656K, reserved 1048576K
}
Event: 13.016 GC heap after
{Heap after GC invocations=23 (full 0):
 garbage-first heap   total 73728K, used 46530K [0x00000000c1c00000, 0x0000000100000000)
  region size 1024K, 2 young (2048K), 2 survivors (2048K)
 Metaspace       used 57004K, committed 57280K, reserved 1114112K
  class space    used 6567K, committed 6656K, reserved 1048576K
}
Event: 13.552 GC heap before
{Heap before GC invocations=23 (full 0):
 garbage-first heap   total 73728K, used 62914K [0x00000000c1c00000, 0x0000000100000000)
  region size 1024K, 18 young (18432K), 2 survivors (2048K)
 Metaspace       used 57251K, committed 57536K, reserved 1114112K
  class space    used 6568K, committed 6656K, reserved 1048576K
}

