# JRE version: OpenJDK Runtime Environment (21.0.7) (build 21.0.7+-13880790-b1038.58)
# Java VM: OpenJDK 64-Bit Server VM (21.0.7+-13880790-b1038.58, mixed mode, tiered, compressed oops, compressed class ptrs, g1 gc, windows-amd64)
GC Precious Log:
 CardTable entry size: 512
 Card Set container configuration: InlinePtr #cards 5 size 8 Array Of Cards #cards 12 size 40 Howl #buckets 4 coarsen threshold 1843 Howl Bitmap #cards 512 size 80 coarsen threshold 460 Card regions per heap region 1 cards per card region 2048
 CPUs: 4 total, 4 available
 Memory: 3976M
 Large Page Support: Disabled
 NUMA Support: Disabled
 Compressed Oops: Enabled (32-bit)
 Heap Region Size: 1M
 Heap Min Capacity: 8M
 Heap Initial Capacity: 64M
 Heap Max Capacity: 996M
 Pre-touch: Disabled
 Parallel Workers: 4
 Concurrent Workers: 1
 Concurrent Refinement Workers: 4
 Periodic GC: Disabled
Heap:
 garbage-first heap   total 122880K, used 60029K [0x00000000c1c00000, 0x0000000100000000)
  region size 1024K, 19 young (19456K), 2 survivors (2048K)
 Metaspace       used 57267K, committed 57536K, reserved 1114112K
  class space    used 6567K, committed 6656K, reserved 1048576K
GC Heap History (20 events):
Event: 6.053 GC heap before
{Heap before GC invocations=9 (full 0):
 garbage-first heap   total 44032K, used 35453K [0x00000000c1c00000, 0x0000000100000000)
  region size 1024K, 22 young (22528K), 2 survivors (2048K)
 Metaspace       used 41586K, committed 41792K, reserved 1114112K
  class space    used 4954K, committed 5056K, reserved 1048576K
}
Event: 6.065 GC heap after
{Heap after GC invocations=10 (full 0):
 garbage-first heap   total 44032K, used 17436K [0x00000000c1c00000, 0x0000000100000000)
  region size 1024K, 3 young (3072K), 3 survivors (3072K)
 Metaspace       used 41586K, committed 41792K, reserved 1114112K
  class space    used 4954K, committed 5056K, reserved 1048576K
}
Event: 6.847 GC heap before
{Heap before GC invocations=10 (full 0):
 garbage-first heap   total 44032K, used 36892K [0x00000000c1c00000, 0x0000000100000000)
  region size 1024K, 22 young (22528K), 3 survivors (3072K)
 Metaspace       used 46271K, committed 46464K, reserved 1114112K
  class space    used 5461K, committed 5568K, reserved 1048576K
}
Event: 6.865 GC heap after
{Heap after GC invocations=11 (full 0):
 garbage-first heap   total 44032K, used 18059K [0x00000000c1c00000, 0x0000000100000000)
  region size 1024K, 3 young (3072K), 3 survivors (3072K)
 Metaspace       used 46271K, committed 46464K, reserved 1114112K
  class space    used 5461K, committed 5568K, reserved 1048576K
}
Event: 7.522 GC heap before
{Heap before GC invocations=11 (full 0):
 garbage-first heap   total 44032K, used 36491K [0x00000000c1c00000, 0x0000000100000000)
  region size 1024K, 21 young (21504K), 3 survivors (3072K)
 Metaspace       used 47666K, committed 47936K, reserved 1114112K
  class space    used 5582K, committed 5696K, reserved 1048576K
}
Event: 7.546 GC heap after
{Heap after GC invocations=12 (full 0):
 garbage-first heap   total 45056K, used 23147K [0x00000000c1c00000, 0x0000000100000000)
  region size 1024K, 3 young (3072K), 3 survivors (3072K)
 Metaspace       used 47666K, committed 47936K, reserved 1114112K
  class space    used 5582K, committed 5696K, reserved 1048576K
}
Event: 8.170 GC heap before
{Heap before GC invocations=12 (full 0):
 garbage-first heap   total 45056K, used 36459K [0x00000000c1c00000, 0x0000000100000000)
  region size 1024K, 16 young (16384K), 3 survivors (3072K)
 Metaspace       used 50057K, committed 50304K, reserved 1114112K
  class space    used 5848K, committed 5952K, reserved 1048576K
}
Event: 8.195 GC heap after
{Heap after GC invocations=13 (full 0):
 garbage-first heap   total 54272K, used 25600K [0x00000000c1c00000, 0x0000000100000000)
  region size 1024K, 2 young (2048K), 2 survivors (2048K)
 Metaspace       used 50057K, committed 50304K, reserved 1114112K
  class space    used 5848K, committed 5952K, reserved 1048576K
}
Event: 8.590 GC heap before
{Heap before GC invocations=14 (full 0):
 garbage-first heap   total 54272K, used 44032K [0x00000000c1c00000, 0x0000000100000000)
  region size 1024K, 19 young (19456K), 2 survivors (2048K)
 Metaspace       used 51279K, committed 51584K, reserved 1114112K
  class space    used 5996K, committed 6144K, reserved 1048576K
}
Event: 8.607 GC heap after
{Heap after GC invocations=15 (full 0):
 garbage-first heap   total 54272K, used 31545K [0x00000000c1c00000, 0x0000000100000000)
  region size 1024K, 3 young (3072K), 3 survivors (3072K)
 Metaspace       used 51279K, committed 51584K, reserved 1114112K
  class space    used 5996K, committed 6144K, reserved 1048576K
}
Event: 8.741 GC heap before
{Heap before GC invocations=15 (full 0):
 garbage-first heap   total 54272K, used 44857K [0x00000000c1c00000, 0x0000000100000000)
  region size 1024K, 16 young (16384K), 3 survivors (3072K)
 Metaspace       used 51379K, committed 51712K, reserved 1114112K
  class space    used 5996K, committed 6144K, reserved 1048576K
}
Event: 8.765 GC heap after
{Heap after GC invocations=16 (full 0):
 garbage-first heap   total 54272K, used 36864K [0x00000000c1c00000, 0x0000000100000000)
  region size 1024K, 2 young (2048K), 2 survivors (2048K)
 Metaspace       used 51379K, committed 51712K, reserved 1114112K
  class space    used 5996K, committed 6144K, reserved 1048576K
}
Event: 9.327 GC heap before
{Heap before GC invocations=16 (full 0):
 garbage-first heap   total 54272K, used 45056K [0x00000000c1c00000, 0x0000000100000000)
  region size 1024K, 11 young (11264K), 2 survivors (2048K)
 Metaspace       used 52210K, committed 52480K, reserved 1114112K
  class space    used 6091K, committed 6208K, reserved 1048576K
}
Event: 9.339 GC heap after
{Heap after GC invocations=17 (full 0):
 garbage-first heap   total 54272K, used 39424K [0x00000000c1c00000, 0x0000000100000000)
  region size 1024K, 2 young (2048K), 2 survivors (2048K)
 Metaspace       used 52210K, committed 52480K, reserved 1114112K
  class space    used 6091K, committed 6208K, reserved 1048576K
}
Event: 9.746 GC heap before
{Heap before GC invocations=18 (full 0):
 garbage-first heap   total 66560K, used 45568K [0x00000000c1c00000, 0x0000000100000000)
  region size 1024K, 9 young (9216K), 2 survivors (2048K)
 Metaspace       used 52626K, committed 52928K, reserved 1114112K
  class space    used 6130K, committed 6272K, reserved 1048576K
}
Event: 9.760 GC heap after
{Heap after GC invocations=19 (full 0):
 garbage-first heap   total 66560K, used 41470K [0x00000000c1c00000, 0x0000000100000000)
  region size 1024K, 2 young (2048K), 2 survivors (2048K)
 Metaspace       used 52626K, committed 52928K, reserved 1114112K
  class space    used 6130K, committed 6272K, reserved 1048576K
}
Event: 10.998 GC heap before
{Heap before GC invocations=19 (full 0):
 garbage-first heap   total 66560K, used 55806K [0x00000000c1c00000, 0x0000000100000000)
  region size 1024K, 16 young (16384K), 2 survivors (2048K)
 Metaspace       used 53525K, committed 53760K, reserved 1114112K
  class space    used 6229K, committed 6336K, reserved 1048576K
}
Event: 11.014 GC heap after
{Heap after GC invocations=20 (full 0):
 garbage-first heap   total 66560K, used 42818K [0x00000000c1c00000, 0x0000000100000000)
  region size 1024K, 2 young (2048K), 2 survivors (2048K)
 Metaspace       used 53525K, committed 53760K, reserved 1114112K
  class space    used 6229K, committed 6336K, reserved 1048576K
}
Event: 11.866 GC heap before
{Heap before GC invocations=20 (full 0):
 garbage-first heap   total 66560K, used 56130K [0x00000000c1c00000, 0x0000000100000000)
  region size 1024K, 16 young (16384K), 2 survivors (2048K)
 Metaspace       used 56587K, committed 56832K, reserved 1114112K
  class space    used 6542K, committed 6656K, reserved 1048576K
}
Event: 11.882 GC heap after
{Heap after GC invocations=21 (full 0):
 garbage-first heap   total 122880K, used 44669K [0x00000000c1c00000, 0x0000000100000000)
  region size 1024K, 2 young (2048K), 2 survivors (2048K)
 Metaspace       used 56587K, committed 56832K, reserved 1114112K
  class space    used 6542K, committed 6656K, reserved 1048576K
}

