# JRE version: OpenJDK Runtime Environment (21.0.7) (build 21.0.7+-13880790-b1038.58)
# Java VM: OpenJDK 64-Bit Server VM (21.0.7+-13880790-b1038.58, mixed mode, tiered, compressed oops, compressed class ptrs, g1 gc, windows-amd64)
GC Precious Log:
 CardTable entry size: 512
 Card Set container configuration: InlinePtr #cards 5 size 8 Array Of Cards #cards 12 size 40 Howl #buckets 4 coarsen threshold 1843 Howl Bitmap #cards 512 size 80 coarsen threshold 460 Card regions per heap region 1 cards per card region 2048
 CPUs: 4 total, 4 available
 Memory: 3976M
 Large Page Support: Disabled
 NUMA Support: Disabled
 Compressed Oops: Enabled (32-bit)
 Heap Region Size: 1M
 Heap Min Capacity: 8M
 Heap Initial Capacity: 64M
 Heap Max Capacity: 2G
 Pre-touch: Disabled
 Parallel Workers: 4
 Concurrent Workers: 1
 Concurrent Refinement Workers: 4
 Periodic GC: Disabled
Heap:
 garbage-first heap   total 270336K, used 145330K [0x0000000080000000, 0x0000000100000000)
  region size 1024K, 6 young (6144K), 6 survivors (6144K)
 Metaspace       used 141712K, committed 144064K, reserved 1179648K
  class space    used 18773K, committed 19968K, reserved 1048576K
GC Heap History (20 events):
Event: 210.541 GC heap after
{Heap after GC invocations=53 (full 0):
 garbage-first heap   total 270336K, used 141643K [0x0000000080000000, 0x0000000100000000)
  region size 1024K, 4 young (4096K), 4 survivors (4096K)
 Metaspace       used 136290K, committed 138688K, reserved 1179648K
  class space    used 18343K, committed 19520K, reserved 1048576K
}
Event: 216.109 GC heap before
{Heap before GC invocations=54 (full 0):
 garbage-first heap   total 270336K, used 230731K [0x0000000080000000, 0x0000000100000000)
  region size 1024K, 92 young (94208K), 4 survivors (4096K)
 Metaspace       used 136315K, committed 138688K, reserved 1179648K
  class space    used 18343K, committed 19520K, reserved 1048576K
}
Event: 216.186 GC heap after
{Heap after GC invocations=55 (full 0):
 garbage-first heap   total 270336K, used 142281K [0x0000000080000000, 0x0000000100000000)
  region size 1024K, 4 young (4096K), 4 survivors (4096K)
 Metaspace       used 136315K, committed 138688K, reserved 1179648K
  class space    used 18343K, committed 19520K, reserved 1048576K
}
Event: 229.244 GC heap before
{Heap before GC invocations=55 (full 0):
 garbage-first heap   total 270336K, used 187337K [0x0000000080000000, 0x0000000100000000)
  region size 1024K, 47 young (48128K), 4 survivors (4096K)
 Metaspace       used 139071K, committed 141440K, reserved 1179648K
  class space    used 18536K, committed 19712K, reserved 1048576K
}
Event: 229.403 GC heap after
{Heap after GC invocations=56 (full 0):
 garbage-first heap   total 270336K, used 143440K [0x0000000080000000, 0x0000000100000000)
  region size 1024K, 4 young (4096K), 4 survivors (4096K)
 Metaspace       used 139071K, committed 141440K, reserved 1179648K
  class space    used 18536K, committed 19712K, reserved 1048576K
}
Event: 233.157 GC heap before
{Heap before GC invocations=56 (full 0):
 garbage-first heap   total 270336K, used 187472K [0x0000000080000000, 0x0000000100000000)
  region size 1024K, 48 young (49152K), 4 survivors (4096K)
 Metaspace       used 139364K, committed 141696K, reserved 1179648K
  class space    used 18557K, committed 19712K, reserved 1048576K
}
Event: 233.217 GC heap after
{Heap after GC invocations=57 (full 0):
 garbage-first heap   total 270336K, used 144045K [0x0000000080000000, 0x0000000100000000)
  region size 1024K, 5 young (5120K), 5 survivors (5120K)
 Metaspace       used 139364K, committed 141696K, reserved 1179648K
  class space    used 18557K, committed 19712K, reserved 1048576K
}
Event: 235.803 GC heap before
{Heap before GC invocations=57 (full 0):
 garbage-first heap   total 270336K, used 204461K [0x0000000080000000, 0x0000000100000000)
  region size 1024K, 65 young (66560K), 5 survivors (5120K)
 Metaspace       used 139513K, committed 141952K, reserved 1179648K
  class space    used 18571K, committed 19776K, reserved 1048576K
}
Event: 235.863 GC heap after
{Heap after GC invocations=58 (full 0):
 garbage-first heap   total 270336K, used 143286K [0x0000000080000000, 0x0000000100000000)
  region size 1024K, 4 young (4096K), 4 survivors (4096K)
 Metaspace       used 139513K, committed 141952K, reserved 1179648K
  class space    used 18571K, committed 19776K, reserved 1048576K
}
Event: 245.514 GC heap before
{Heap before GC invocations=58 (full 0):
 garbage-first heap   total 270336K, used 249782K [0x0000000080000000, 0x0000000100000000)
  region size 1024K, 109 young (111616K), 4 survivors (4096K)
 Metaspace       used 141278K, committed 143616K, reserved 1179648K
  class space    used 18755K, committed 19904K, reserved 1048576K
}
Event: 245.628 GC heap after
{Heap after GC invocations=59 (full 0):
 garbage-first heap   total 270336K, used 142601K [0x0000000080000000, 0x0000000100000000)
  region size 1024K, 4 young (4096K), 4 survivors (4096K)
 Metaspace       used 141278K, committed 143616K, reserved 1179648K
  class space    used 18755K, committed 19904K, reserved 1048576K
}
Event: 251.074 GC heap before
{Heap before GC invocations=59 (full 0):
 garbage-first heap   total 270336K, used 251145K [0x0000000080000000, 0x0000000100000000)
  region size 1024K, 110 young (112640K), 4 survivors (4096K)
 Metaspace       used 141647K, committed 144064K, reserved 1179648K
  class space    used 18769K, committed 19968K, reserved 1048576K
}
Event: 251.294 GC heap after
{Heap after GC invocations=60 (full 0):
 garbage-first heap   total 270336K, used 142868K [0x0000000080000000, 0x0000000100000000)
  region size 1024K, 4 young (4096K), 4 survivors (4096K)
 Metaspace       used 141647K, committed 144064K, reserved 1179648K
  class space    used 18769K, committed 19968K, reserved 1048576K
}
Event: 266.177 GC heap before
{Heap before GC invocations=61 (full 0):
 garbage-first heap   total 270336K, used 254484K [0x0000000080000000, 0x0000000100000000)
  region size 1024K, 110 young (112640K), 4 survivors (4096K)
 Metaspace       used 141694K, committed 144064K, reserved 1179648K
  class space    used 18773K, committed 19968K, reserved 1048576K
}
Event: 266.316 GC heap after
{Heap after GC invocations=62 (full 0):
 garbage-first heap   total 270336K, used 145939K [0x0000000080000000, 0x0000000100000000)
  region size 1024K, 5 young (5120K), 5 survivors (5120K)
 Metaspace       used 141694K, committed 144064K, reserved 1179648K
  class space    used 18773K, committed 19968K, reserved 1048576K
}
Event: 270.492 GC heap before
{Heap before GC invocations=62 (full 0):
 garbage-first heap   total 270336K, used 249363K [0x0000000080000000, 0x0000000100000000)
  region size 1024K, 107 young (109568K), 5 survivors (5120K)
 Metaspace       used 141698K, committed 144064K, reserved 1179648K
  class space    used 18773K, committed 19968K, reserved 1048576K
}
Event: 270.556 GC heap after
{Heap after GC invocations=63 (full 0):
 garbage-first heap   total 270336K, used 145072K [0x0000000080000000, 0x0000000100000000)
  region size 1024K, 6 young (6144K), 6 survivors (6144K)
 Metaspace       used 141698K, committed 144064K, reserved 1179648K
  class space    used 18773K, committed 19968K, reserved 1048576K
}
Event: 272.270 GC heap before
{Heap before GC invocations=63 (full 0):
 garbage-first heap   total 270336K, used 247472K [0x0000000080000000, 0x0000000100000000)
  region size 1024K, 107 young (109568K), 6 survivors (6144K)
 Metaspace       used 141708K, committed 144064K, reserved 1179648K
  class space    used 18773K, committed 19968K, reserved 1048576K
}
Event: 272.334 GC heap after
{Heap after GC invocations=64 (full 0):
 garbage-first heap   total 270336K, used 144902K [0x0000000080000000, 0x0000000100000000)
  region size 1024K, 6 young (6144K), 6 survivors (6144K)
 Metaspace       used 141708K, committed 144064K, reserved 1179648K
  class space    used 18773K, committed 19968K, reserved 1048576K
}
Event: 275.758 GC heap before
{Heap before GC invocations=64 (full 0):
 garbage-first heap   total 270336K, used 248326K [0x0000000080000000, 0x0000000100000000)
  region size 1024K, 107 young (109568K), 6 survivors (6144K)
 Metaspace       used 141712K, committed 144064K, reserved 1179648K
  class space    used 18773K, committed 19968K, reserved 1048576K
}

