# JRE version: OpenJDK Runtime Environment (21.0.7) (build 21.0.7+-13880790-b1038.58)
# Java VM: OpenJDK 64-Bit Server VM (21.0.7+-13880790-b1038.58, mixed mode, tiered, compressed oops, compressed class ptrs, g1 gc, windows-amd64)
GC Precious Log:
 CardTable entry size: 512
 Card Set container configuration: InlinePtr #cards 5 size 8 Array Of Cards #cards 12 size 40 Howl #buckets 4 coarsen threshold 1843 Howl Bitmap #cards 512 size 80 coarsen threshold 460 Card regions per heap region 1 cards per card region 2048
 CPUs: 4 total, 4 available
 Memory: 3976M
 Large Page Support: Disabled
 NUMA Support: Disabled
 Compressed Oops: Enabled (32-bit)
 Heap Region Size: 1M
 Heap Min Capacity: 8M
 Heap Initial Capacity: 64M
 Heap Max Capacity: 2G
 Pre-touch: Disabled
 Parallel Workers: 4
 Concurrent Workers: 1
 Concurrent Refinement Workers: 4
 Periodic GC: Disabled
Heap:
 garbage-first heap   total 215040K, used 139679K [0x0000000080000000, 0x0000000100000000)
  region size 1024K, 19 young (19456K), 7 survivors (7168K)
 Metaspace       used 127521K, committed 129728K, reserved 1179648K
  class space    used 17426K, committed 18560K, reserved 1048576K
GC Heap History (20 events):
Event: 39.668 GC heap before
{Heap before GC invocations=42 (full 0):
 garbage-first heap   total 155648K, used 140689K [0x0000000080000000, 0x0000000100000000)
  region size 1024K, 50 young (51200K), 5 survivors (5120K)
 Metaspace       used 102476K, committed 104448K, reserved 1179648K
  class space    used 13838K, committed 14848K, reserved 1048576K
}
Event: 39.681 GC heap after
{Heap after GC invocations=43 (full 0):
 garbage-first heap   total 155648K, used 98626K [0x0000000080000000, 0x0000000100000000)
  region size 1024K, 7 young (7168K), 7 survivors (7168K)
 Metaspace       used 102476K, committed 104448K, reserved 1179648K
  class space    used 13838K, committed 14848K, reserved 1048576K
}
Event: 40.678 GC heap before
{Heap before GC invocations=43 (full 0):
 garbage-first heap   total 155648K, used 136514K [0x0000000080000000, 0x0000000100000000)
  region size 1024K, 45 young (46080K), 7 survivors (7168K)
 Metaspace       used 105501K, committed 107520K, reserved 1179648K
  class space    used 14250K, committed 15296K, reserved 1048576K
}
Event: 40.690 GC heap after
{Heap after GC invocations=44 (full 0):
 garbage-first heap   total 155648K, used 100851K [0x0000000080000000, 0x0000000100000000)
  region size 1024K, 3 young (3072K), 3 survivors (3072K)
 Metaspace       used 105501K, committed 107520K, reserved 1179648K
  class space    used 14250K, committed 15296K, reserved 1048576K
}
Event: 42.497 GC heap before
{Heap before GC invocations=45 (full 0):
 garbage-first heap   total 173056K, used 142835K [0x0000000080000000, 0x0000000100000000)
  region size 1024K, 43 young (44032K), 3 survivors (3072K)
 Metaspace       used 108712K, committed 110784K, reserved 1179648K
  class space    used 14839K, committed 15872K, reserved 1048576K
}
Event: 42.504 GC heap after
{Heap after GC invocations=46 (full 0):
 garbage-first heap   total 173056K, used 101219K [0x0000000080000000, 0x0000000100000000)
  region size 1024K, 3 young (3072K), 3 survivors (3072K)
 Metaspace       used 108712K, committed 110784K, reserved 1179648K
  class space    used 14839K, committed 15872K, reserved 1048576K
}
Event: 44.606 GC heap before
{Heap before GC invocations=46 (full 0):
 garbage-first heap   total 173056K, used 159587K [0x0000000080000000, 0x0000000100000000)
  region size 1024K, 60 young (61440K), 3 survivors (3072K)
 Metaspace       used 112935K, committed 115072K, reserved 1179648K
  class space    used 15483K, committed 16576K, reserved 1048576K
}
Event: 44.618 GC heap after
{Heap after GC invocations=47 (full 0):
 garbage-first heap   total 173056K, used 101732K [0x0000000080000000, 0x0000000100000000)
  region size 1024K, 5 young (5120K), 5 survivors (5120K)
 Metaspace       used 112935K, committed 115072K, reserved 1179648K
  class space    used 15483K, committed 16576K, reserved 1048576K
}
Event: 46.467 GC heap before
{Heap before GC invocations=47 (full 0):
 garbage-first heap   total 173056K, used 158052K [0x0000000080000000, 0x0000000100000000)
  region size 1024K, 60 young (61440K), 5 survivors (5120K)
 Metaspace       used 117500K, committed 119616K, reserved 1179648K
  class space    used 16157K, committed 17216K, reserved 1048576K
}
Event: 46.502 GC heap after
{Heap after GC invocations=48 (full 0):
 garbage-first heap   total 173056K, used 104428K [0x0000000080000000, 0x0000000100000000)
  region size 1024K, 7 young (7168K), 7 survivors (7168K)
 Metaspace       used 117500K, committed 119616K, reserved 1179648K
  class space    used 16157K, committed 17216K, reserved 1048576K
}
Event: 48.565 GC heap before
{Heap before GC invocations=49 (full 0):
 garbage-first heap   total 176128K, used 154604K [0x0000000080000000, 0x0000000100000000)
  region size 1024K, 56 young (57344K), 7 survivors (7168K)
 Metaspace       used 121267K, committed 123456K, reserved 1179648K
  class space    used 16685K, committed 17792K, reserved 1048576K
}
Event: 48.616 GC heap after
{Heap after GC invocations=50 (full 0):
 garbage-first heap   total 176128K, used 108275K [0x0000000080000000, 0x0000000100000000)
  region size 1024K, 7 young (7168K), 7 survivors (7168K)
 Metaspace       used 121267K, committed 123456K, reserved 1179648K
  class space    used 16685K, committed 17792K, reserved 1048576K
}
Event: 50.538 GC heap before
{Heap before GC invocations=50 (full 0):
 garbage-first heap   total 176128K, used 157427K [0x0000000080000000, 0x0000000100000000)
  region size 1024K, 55 young (56320K), 7 survivors (7168K)
 Metaspace       used 122107K, committed 124288K, reserved 1179648K
  class space    used 16799K, committed 17856K, reserved 1048576K
}
Event: 50.579 GC heap after
{Heap after GC invocations=51 (full 0):
 garbage-first heap   total 176128K, used 114688K [0x0000000080000000, 0x0000000100000000)
  region size 1024K, 7 young (7168K), 7 survivors (7168K)
 Metaspace       used 122107K, committed 124288K, reserved 1179648K
  class space    used 16799K, committed 17856K, reserved 1048576K
}
Event: 51.556 GC heap before
{Heap before GC invocations=51 (full 0):
 garbage-first heap   total 176128K, used 146432K [0x0000000080000000, 0x0000000100000000)
  region size 1024K, 40 young (40960K), 7 survivors (7168K)
 Metaspace       used 123494K, committed 125632K, reserved 1179648K
  class space    used 16892K, committed 17984K, reserved 1048576K
}
Event: 51.582 GC heap after
{Heap after GC invocations=52 (full 0):
 garbage-first heap   total 211968K, used 122664K [0x0000000080000000, 0x0000000100000000)
  region size 1024K, 7 young (7168K), 7 survivors (7168K)
 Metaspace       used 123494K, committed 125632K, reserved 1179648K
  class space    used 16892K, committed 17984K, reserved 1048576K
}
Event: 51.585 GC heap before
{Heap before GC invocations=52 (full 0):
 garbage-first heap   total 211968K, used 123688K [0x0000000080000000, 0x0000000100000000)
  region size 1024K, 8 young (8192K), 7 survivors (7168K)
 Metaspace       used 123494K, committed 125632K, reserved 1179648K
  class space    used 16892K, committed 17984K, reserved 1048576K
}
Event: 51.593 GC heap after
{Heap after GC invocations=53 (full 0):
 garbage-first heap   total 211968K, used 124469K [0x0000000080000000, 0x0000000100000000)
  region size 1024K, 1 young (1024K), 1 survivors (1024K)
 Metaspace       used 123494K, committed 125632K, reserved 1179648K
  class space    used 16892K, committed 17984K, reserved 1048576K
}
Event: 57.697 GC heap before
{Heap before GC invocations=54 (full 0):
 garbage-first heap   total 215040K, used 197173K [0x0000000080000000, 0x0000000100000000)
  region size 1024K, 68 young (69632K), 1 survivors (1024K)
 Metaspace       used 127067K, committed 129280K, reserved 1179648K
  class space    used 17323K, committed 18432K, reserved 1048576K
}
Event: 57.761 GC heap after
{Heap after GC invocations=55 (full 0):
 garbage-first heap   total 215040K, used 129439K [0x0000000080000000, 0x0000000100000000)
  region size 1024K, 7 young (7168K), 7 survivors (7168K)
 Metaspace       used 127067K, committed 129280K, reserved 1179648K
  class space    used 17323K, committed 18432K, reserved 1048576K
}

